<?xml version="1.0" encoding="UTF-8"?>
<testsuite name="com.example.demo.XmlApplicationTests" tests="4" skipped="0" failures="0" errors="0" timestamp="2019-07-12T13:15:37" hostname="WKSBAN29RBW1001" time="0.286">
  <properties/>
  <testcase name="contextLoads1" classname="com.example.demo.XmlApplicationTests" time="0.279"/>
  <testcase name="contextLoads2" classname="com.example.demo.XmlApplicationTests" time="0.002"/>
  <testcase name="contextLoads3" classname="com.example.demo.XmlApplicationTests" time="0.002"/>
  <testcase name="contextLoads" classname="com.example.demo.XmlApplicationTests" time="0.001"/>
  <system-out><![CDATA[18:45:34.678 [Test worker] DEBUG org.springframework.test.context.junit4.SpringJUnit4ClassRunner - SpringJUnit4ClassRunner constructor called with [class com.example.demo.XmlApplicationTests]
18:45:34.687 [Test worker] DEBUG org.springframework.test.context.BootstrapUtils - Instantiating CacheAwareContextLoaderDelegate from class [org.springframework.test.context.cache.DefaultCacheAwareContextLoaderDelegate]
18:45:34.701 [Test worker] DEBUG org.springframework.test.context.BootstrapUtils - Instantiating BootstrapContext using constructor [public org.springframework.test.context.support.DefaultBootstrapContext(java.lang.Class,org.springframework.test.context.CacheAwareContextLoaderDelegate)]
18:45:34.726 [Test worker] DEBUG org.springframework.test.context.BootstrapUtils - Instantiating TestContextBootstrapper for test class [com.example.demo.XmlApplicationTests] from class [org.springframework.boot.test.context.SpringBootTestContextBootstrapper]
18:45:34.745 [Test worker] INFO org.springframework.boot.test.context.SpringBootTestContextBootstrapper - Neither @ContextConfiguration nor @ContextHierarchy found for test class [com.example.demo.XmlApplicationTests], using SpringBootContextLoader
18:45:34.749 [Test worker] DEBUG org.springframework.test.context.support.AbstractContextLoader - Did not detect default resource location for test class [com.example.demo.XmlApplicationTests]: class path resource [com/example/demo/XmlApplicationTests-context.xml] does not exist
18:45:34.750 [Test worker] DEBUG org.springframework.test.context.support.AbstractContextLoader - Did not detect default resource location for test class [com.example.demo.XmlApplicationTests]: class path resource [com/example/demo/XmlApplicationTestsContext.groovy] does not exist
18:45:34.750 [Test worker] INFO org.springframework.test.context.support.AbstractContextLoader - Could not detect default resource locations for test class [com.example.demo.XmlApplicationTests]: no resource found for suffixes {-context.xml, Context.groovy}.
18:45:34.751 [Test worker] INFO org.springframework.test.context.support.AnnotationConfigContextLoaderUtils - Could not detect default configuration classes for test class [com.example.demo.XmlApplicationTests]: XmlApplicationTests does not declare any static, non-private, non-final, nested classes annotated with @Configuration.
18:45:34.825 [Test worker] DEBUG org.springframework.test.context.support.ActiveProfilesUtils - Could not find an 'annotation declaring class' for annotation type [org.springframework.test.context.ActiveProfiles] and class [com.example.demo.XmlApplicationTests]
18:45:34.919 [Test worker] DEBUG org.springframework.context.annotation.ClassPathScanningCandidateComponentProvider - Identified candidate component class: file [C:\Users\karthick.k\workspace\JCLS_Enterprise_new\xml\build\classes\java\main\com\example\demo\XmlApplication.class]
18:45:34.922 [Test worker] INFO org.springframework.boot.test.context.SpringBootTestContextBootstrapper - Found @SpringBootConfiguration com.example.demo.XmlApplication for test class com.example.demo.XmlApplicationTests
18:45:35.054 [Test worker] DEBUG org.springframework.boot.test.context.SpringBootTestContextBootstrapper - @TestExecutionListeners is not present for class [com.example.demo.XmlApplicationTests]: using defaults.
18:45:35.055 [Test worker] INFO org.springframework.boot.test.context.SpringBootTestContextBootstrapper - Loaded default TestExecutionListener class names from location [META-INF/spring.factories]: [org.springframework.boot.test.autoconfigure.restdocs.RestDocsTestExecutionListener, org.springframework.boot.test.autoconfigure.web.client.MockRestServiceServerResetTestExecutionListener, org.springframework.boot.test.autoconfigure.web.servlet.MockMvcPrintOnlyOnFailureTestExecutionListener, org.springframework.boot.test.autoconfigure.web.servlet.WebDriverTestExecutionListener, org.springframework.boot.test.mock.mockito.MockitoTestExecutionListener, org.springframework.boot.test.mock.mockito.ResetMocksTestExecutionListener, org.springframework.test.context.web.ServletTestExecutionListener, org.springframework.test.context.support.DirtiesContextBeforeModesTestExecutionListener, org.springframework.test.context.support.DependencyInjectionTestExecutionListener, org.springframework.test.context.support.DirtiesContextTestExecutionListener, org.springframework.test.context.transaction.TransactionalTestExecutionListener, org.springframework.test.context.jdbc.SqlScriptsTestExecutionListener]
18:45:35.070 [Test worker] DEBUG org.springframework.boot.test.context.SpringBootTestContextBootstrapper - Skipping candidate TestExecutionListener [org.springframework.test.context.transaction.TransactionalTestExecutionListener] due to a missing dependency. Specify custom listener classes or make the default listener classes and their required dependencies available. Offending class: [org/springframework/transaction/interceptor/TransactionAttributeSource]
18:45:35.071 [Test worker] DEBUG org.springframework.boot.test.context.SpringBootTestContextBootstrapper - Skipping candidate TestExecutionListener [org.springframework.test.context.jdbc.SqlScriptsTestExecutionListener] due to a missing dependency. Specify custom listener classes or make the default listener classes and their required dependencies available. Offending class: [org/springframework/transaction/interceptor/TransactionAttribute]
18:45:35.072 [Test worker] INFO org.springframework.boot.test.context.SpringBootTestContextBootstrapper - Using TestExecutionListeners: [org.springframework.test.context.web.ServletTestExecutionListener@e49ce42, org.springframework.test.context.support.DirtiesContextBeforeModesTestExecutionListener@827d3be, org.springframework.boot.test.mock.mockito.MockitoTestExecutionListener@72e40715, org.springframework.boot.test.autoconfigure.SpringBootDependencyInjectionTestExecutionListener@7956dc74, org.springframework.test.context.support.DirtiesContextTestExecutionListener@392d36c2, org.springframework.boot.test.autoconfigure.restdocs.RestDocsTestExecutionListener@f21a87a, org.springframework.boot.test.autoconfigure.web.client.MockRestServiceServerResetTestExecutionListener@5dafca24, org.springframework.boot.test.autoconfigure.web.servlet.MockMvcPrintOnlyOnFailureTestExecutionListener@12d51899, org.springframework.boot.test.autoconfigure.web.servlet.WebDriverTestExecutionListener@421ea727, org.springframework.boot.test.mock.mockito.ResetMocksTestExecutionListener@40feb566]
18:45:35.076 [Test worker] DEBUG org.springframework.test.annotation.ProfileValueUtils - Retrieved @ProfileValueSourceConfiguration [null] for test class [com.example.demo.XmlApplicationTests]
18:45:35.077 [Test worker] DEBUG org.springframework.test.annotation.ProfileValueUtils - Retrieved ProfileValueSource type [class org.springframework.test.annotation.SystemProfileValueSource] for class [com.example.demo.XmlApplicationTests]
18:45:35.078 [Test worker] DEBUG org.springframework.test.annotation.ProfileValueUtils - Retrieved @ProfileValueSourceConfiguration [null] for test class [com.example.demo.XmlApplicationTests]
18:45:35.078 [Test worker] DEBUG org.springframework.test.annotation.ProfileValueUtils - Retrieved ProfileValueSource type [class org.springframework.test.annotation.SystemProfileValueSource] for class [com.example.demo.XmlApplicationTests]
18:45:35.084 [Test worker] DEBUG org.springframework.test.context.support.AbstractDirtiesContextTestExecutionListener - Before test class: context [DefaultTestContext@52299aad testClass = XmlApplicationTests, testInstance = [null], testMethod = [null], testException = [null], mergedContextConfiguration = [WebMergedContextConfiguration@645d8e40 testClass = XmlApplicationTests, locations = '{}', classes = '{class com.example.demo.XmlApplication}', contextInitializerClasses = '[]', activeProfiles = '{}', propertySourceLocations = '{}', propertySourceProperties = '{org.springframework.boot.test.context.SpringBootTestContextBootstrapper=true}', contextCustomizers = set[org.springframework.boot.test.autoconfigure.properties.PropertyMappingContextCustomizer@0, org.springframework.boot.test.autoconfigure.web.servlet.WebDriverContextCustomizerFactory$Customizer@103c3e24, org.springframework.boot.test.context.filter.ExcludeFilterContextCustomizer@758b733e, org.springframework.boot.test.json.DuplicateJsonObjectContextCustomizerFactory$DuplicateJsonObjectContextCustomizer@1654647f, org.springframework.boot.test.mock.mockito.MockitoContextCustomizer@0, org.springframework.boot.test.web.client.TestRestTemplateContextCustomizer@48d78ac], resourceBasePath = 'src/main/webapp', contextLoader = 'org.springframework.boot.test.context.SpringBootContextLoader', parent = [null]], attributes = map['org.springframework.test.context.web.ServletTestExecutionListener.activateListener' -> true]], class annotated with @DirtiesContext [false] with mode [null].
18:45:35.085 [Test worker] DEBUG org.springframework.test.annotation.ProfileValueUtils - Retrieved @ProfileValueSourceConfiguration [null] for test class [com.example.demo.XmlApplicationTests]
18:45:35.085 [Test worker] DEBUG org.springframework.test.annotation.ProfileValueUtils - Retrieved ProfileValueSource type [class org.springframework.test.annotation.SystemProfileValueSource] for class [com.example.demo.XmlApplicationTests]
18:45:35.110 [Test worker] DEBUG org.springframework.test.context.support.TestPropertySourceUtils - Adding inlined properties to environment: {spring.jmx.enabled=false, org.springframework.boot.test.context.SpringBootTestContextBootstrapper=true, server.port=-1}

  .   ____          _            __ _ _
 /\\ / ___'_ __ _ _(_)_ __  __ _ \ \ \ \
( ( )\___ | '_ | '_| | '_ \/ _` | \ \ \ \
 \\/  ___)| |_)| | | | | || (_| |  ) ) ) )
  '  |____| .__|_| |_|_| |_\__, | / / / /
 =========|_|==============|___/=/_/_/_/
 :: Spring Boot ::        (v2.1.6.RELEASE)

2019-07-12 18:45:35.427  INFO 11936 --- [    Test worker] com.example.demo.XmlApplicationTests     : Starting XmlApplicationTests on WKSBAN29RBW1001 with PID 11936 (started by karthick.k in C:\Users\karthick.k\workspace\JCLS_Enterprise_new\xml)
2019-07-12 18:45:35.430  INFO 11936 --- [    Test worker] com.example.demo.XmlApplicationTests     : No active profile set, falling back to default profiles: default
2019-07-12 18:45:37.326  INFO 11936 --- [    Test worker] o.s.s.concurrent.ThreadPoolTaskExecutor  : Initializing ExecutorService 'applicationTaskExecutor'
2019-07-12 18:45:37.726  INFO 11936 --- [    Test worker] com.example.demo.XmlApplicationTests     : Started XmlApplicationTests in 2.606 seconds (JVM running for 3.895)
]]></system-out>
  <system-err><![CDATA[]]></system-err>
</testsuite>
